
<Hello> 0x28FC8740 1 AddRef 1
    #01: ???[/home/james/Projects/build/obj-b2g-dbg/dist/bin/libxul.so +0x197df1c]
    #02: ???[/home/james/Projects/build/obj-b2g-dbg/dist/bin/libxul.so +0x1591e6a]
    #03: ???[/home/james/Projects/build/obj-b2g-dbg/dist/bin/libxul.so +0x2e622a6]
    #04: ???[/home/james/Projects/build/obj-b2g-dbg/dist/bin/libxul.so +0x2e6e8c7]
    #05: ???[/home/james/Projects/build/obj-b2g-dbg/dist/bin/libxul.so +0x2eb4f28]
    #06: ???[/home/james/Projects/build/obj-b2g-dbg/dist/bin/libxul.so +0x2e9ece4]
    #07: ???[/home/james/Projects/build/obj-b2g-dbg/dist/bin/libxul.so +0x2eaaf37]
    #08: ???[/home/james/Projects/build/obj-b2g-dbg/dist/bin/libxul.so +0x2eab284]
    #09: ???[/home/james/Projects/build/obj-b2g-dbg/dist/bin/libxul.so +0x2eac19b]
    #10: ???[/home/james/Projects/build/obj-b2g-dbg/dist/bin/libxul.so +0x2d3e186]
    #11: ???[/home/james/Projects/build/obj-b2g-dbg/dist/bin/libxul.so +0x14cb190]
    #12: ???[/home/james/Projects/build/obj-b2g-dbg/dist/bin/libxul.so +0x193557b]
    #13: ???[/home/james/Projects/build/obj-b2g-dbg/dist/bin/libxul.so +0x1939169]
    #14: ???[/home/james/Projects/build/obj-b2g-dbg/dist/bin/libxul.so +0x193960f]
    #15: ???[/home/james/Projects/build/obj-b2g-dbg/dist/bin/libxul.so +0x19397e7]
    #16: ???[/home/james/Projects/build/obj-b2g-dbg/dist/bin/libxul.so +0x1939a48]
    #17: ???[/home/james/Projects/build/obj-b2g-dbg/dist/bin/libxul.so +0x193a3fe]
    #18: ???[/home/james/Projects/build/obj-b2g-dbg/dist/bin/libxul.so +0x2091e6b]
    #19: ???[/home/james/Projects/build/obj-b2g-dbg/dist/bin/libxul.so +0x2093fb8]
    #20: ???[/home/james/Projects/build/obj-b2g-dbg/dist/bin/libxul.so +0x191a7ba]
    #21: ???[/home/james/Projects/build/obj-b2g-dbg/dist/bin/libxul.so +0x191ffe5]
    #22: ???[/home/james/Projects/build/obj-b2g-dbg/dist/bin/libxul.so +0x2091f88]
    #23: ???[/home/james/Projects/build/obj-b2g-dbg/dist/bin/libxul.so +0x2092073]
    #24: ???[/home/james/Projects/build/obj-b2g-dbg/dist/bin/libxul.so +0x2093d1e]
    #25: ???[/home/james/Projects/build/obj-b2g-dbg/dist/bin/libxul.so +0x1e255a0]
    #26: ???[/home/james/Projects/build/obj-b2g-dbg/dist/bin/libxul.so +0x1e2329a]
    #27: ???[/home/james/Projects/build/obj-b2g-dbg/dist/bin/libxul.so +0x1e332ce]
    #28: ???[/home/james/Projects/build/obj-b2g-dbg/dist/bin/libxul.so +0x1cabbbf]
    #29: ???[/home/james/Projects/build/obj-b2g-dbg/dist/bin/libxul.so +0x1cb5f64]
    #30: ???[/home/james/Projects/build/obj-b2g-dbg/dist/bin/libxul.so +0xca1c94]
    #31: ???[/home/james/Projects/build/obj-b2g-dbg/dist/bin/libxul.so +0xc2bd8f]
    #32: ???[/home/james/Projects/build/obj-b2g-dbg/dist/bin/libxul.so +0xc36552]
    #33: ???[/home/james/Projects/build/obj-b2g-dbg/dist/bin/libxul.so +0xc39693]
    #34: ???[/home/james/Projects/build/obj-b2g-dbg/dist/bin/libxul.so +0xc1a18e]
    #35: ???[/home/james/Projects/build/obj-b2g-dbg/dist/bin/libxul.so +0xc1ffd0]
    #36: ???[/home/james/Projects/build/obj-b2g-dbg/dist/bin/libxul.so +0xc200f3]
    #37: ???[/home/james/Projects/build/obj-b2g-dbg/dist/bin/libxul.so +0xc29a65]
    #38: ???[/home/james/Projects/build/obj-b2g-dbg/dist/bin/libxul.so +0x9b7285]
    #39: ???[/home/james/Projects/build/obj-b2g-dbg/dist/bin/libxul.so +0x9d39e1]
    #40: ???[/home/james/Projects/build/obj-b2g-dbg/dist/bin/libxul.so +0xc2fda1]
    #41: ???[/home/james/Projects/build/obj-b2g-dbg/dist/bin/libxul.so +0xc1b811]
    #42: ???[/home/james/Projects/build/obj-b2g-dbg/dist/bin/libxul.so +0xc1b838]
    #43: ???[/home/james/Projects/build/obj-b2g-dbg/dist/bin/libxul.so +0x1e2c38b]
    #44: XRE_RunAppShell[/home/james/Projects/build/obj-b2g-dbg/dist/bin/libxul.so +0x254cf5f]
    #45: ???[/home/james/Projects/build/obj-b2g-dbg/dist/bin/libxul.so +0xc2fea0]
    #46: ???[/home/james/Projects/build/obj-b2g-dbg/dist/bin/libxul.so +0xc1b811]
    #47: ???[/home/james/Projects/build/obj-b2g-dbg/dist/bin/libxul.so +0xc1b838]
    #48: XRE_InitChildProcess[/home/james/Projects/build/obj-b2g-dbg/dist/bin/libxul.so +0x254db21]
    #49: ???[/home/james/Projects/build/obj-b2g-dbg/dist/bin/plugin-container +0x5003]
    #50: __libc_start_main[/lib/x86_64-linux-gnu/libc.so.6 +0x21ec5]
    #51: ???[/home/james/Projects/build/obj-b2g-dbg/dist/bin/plugin-container +0x4c1c]
    #52: ??? (???:???)

<Hello> 0x28FC8740 1 AddRef 2
    #01: ???[/home/james/Projects/build/obj-b2g-dbg/dist/bin/libxul.so +0x159199a]
    #02: ???[/home/james/Projects/build/obj-b2g-dbg/dist/bin/libxul.so +0x197d946]
    #03: ???[/home/james/Projects/build/obj-b2g-dbg/dist/bin/libxul.so +0x1591acd]
    #04: ???[/home/james/Projects/build/obj-b2g-dbg/dist/bin/libxul.so +0x1591f2a]
    #05: ???[/home/james/Projects/build/obj-b2g-dbg/dist/bin/libxul.so +0x2e622a6]
    #06: ???[/home/james/Projects/build/obj-b2g-dbg/dist/bin/libxul.so +0x2e6e8c7]
    #07: ???[/home/james/Projects/build/obj-b2g-dbg/dist/bin/libxul.so +0x2eb4f28]
    #08: ???[/home/james/Projects/build/obj-b2g-dbg/dist/bin/libxul.so +0x2e9ece4]
    #09: ???[/home/james/Projects/build/obj-b2g-dbg/dist/bin/libxul.so +0x2eaaf37]
    #10: ???[/home/james/Projects/build/obj-b2g-dbg/dist/bin/libxul.so +0x2eab284]
    #11: ???[/home/james/Projects/build/obj-b2g-dbg/dist/bin/libxul.so +0x2eac19b]
    #12: ???[/home/james/Projects/build/obj-b2g-dbg/dist/bin/libxul.so +0x2d3e186]
    #13: ???[/home/james/Projects/build/obj-b2g-dbg/dist/bin/libxul.so +0x14cb190]
    #14: ???[/home/james/Projects/build/obj-b2g-dbg/dist/bin/libxul.so +0x193557b]
    #15: ???[/home/james/Projects/build/obj-b2g-dbg/dist/bin/libxul.so +0x1939169]
    #16: ???[/home/james/Projects/build/obj-b2g-dbg/dist/bin/libxul.so +0x193960f]
    #17: ???[/home/james/Projects/build/obj-b2g-dbg/dist/bin/libxul.so +0x19397e7]
    #18: ???[/home/james/Projects/build/obj-b2g-dbg/dist/bin/libxul.so +0x1939a48]
    #19: ???[/home/james/Projects/build/obj-b2g-dbg/dist/bin/libxul.so +0x193a3fe]
    #20: ???[/home/james/Projects/build/obj-b2g-dbg/dist/bin/libxul.so +0x2091e6b]
    #21: ???[/home/james/Projects/build/obj-b2g-dbg/dist/bin/libxul.so +0x2093fb8]
    #22: ???[/home/james/Projects/build/obj-b2g-dbg/dist/bin/libxul.so +0x191a7ba]
    #23: ???[/home/james/Projects/build/obj-b2g-dbg/dist/bin/libxul.so +0x191ffe5]
    #24: ???[/home/james/Projects/build/obj-b2g-dbg/dist/bin/libxul.so +0x2091f88]
    #25: ???[/home/james/Projects/build/obj-b2g-dbg/dist/bin/libxul.so +0x2092073]
    #26: ???[/home/james/Projects/build/obj-b2g-dbg/dist/bin/libxul.so +0x2093d1e]
    #27: ???[/home/james/Projects/build/obj-b2g-dbg/dist/bin/libxul.so +0x1e255a0]
    #28: ???[/home/james/Projects/build/obj-b2g-dbg/dist/bin/libxul.so +0x1e2329a]
    #29: ???[/home/james/Projects/build/obj-b2g-dbg/dist/bin/libxul.so +0x1e332ce]
    #30: ???[/home/james/Projects/build/obj-b2g-dbg/dist/bin/libxul.so +0x1cabbbf]
    #31: ???[/home/james/Projects/build/obj-b2g-dbg/dist/bin/libxul.so +0x1cb5f64]
    #32: ???[/home/james/Projects/build/obj-b2g-dbg/dist/bin/libxul.so +0xca1c94]
    #33: ???[/home/james/Projects/build/obj-b2g-dbg/dist/bin/libxul.so +0xc2bd8f]
    #34: ???[/home/james/Projects/build/obj-b2g-dbg/dist/bin/libxul.so +0xc36552]
    #35: ???[/home/james/Projects/build/obj-b2g-dbg/dist/bin/libxul.so +0xc39693]
    #36: ???[/home/james/Projects/build/obj-b2g-dbg/dist/bin/libxul.so +0xc1a18e]
    #37: ???[/home/james/Projects/build/obj-b2g-dbg/dist/bin/libxul.so +0xc1ffd0]
    #38: ???[/home/james/Projects/build/obj-b2g-dbg/dist/bin/libxul.so +0xc200f3]
    #39: ???[/home/james/Projects/build/obj-b2g-dbg/dist/bin/libxul.so +0xc29a65]
    #40: ???[/home/james/Projects/build/obj-b2g-dbg/dist/bin/libxul.so +0x9b7285]
    #41: ???[/home/james/Projects/build/obj-b2g-dbg/dist/bin/libxul.so +0x9d39e1]
    #42: ???[/home/james/Projects/build/obj-b2g-dbg/dist/bin/libxul.so +0xc2fda1]
    #43: ???[/home/james/Projects/build/obj-b2g-dbg/dist/bin/libxul.so +0xc1b811]
    #44: ???[/home/james/Projects/build/obj-b2g-dbg/dist/bin/libxul.so +0xc1b838]
    #45: ???[/home/james/Projects/build/obj-b2g-dbg/dist/bin/libxul.so +0x1e2c38b]
    #46: XRE_RunAppShell[/home/james/Projects/build/obj-b2g-dbg/dist/bin/libxul.so +0x254cf5f]
    #47: ???[/home/james/Projects/build/obj-b2g-dbg/dist/bin/libxul.so +0xc2fea0]
    #48: ???[/home/james/Projects/build/obj-b2g-dbg/dist/bin/libxul.so +0xc1b811]
    #49: ???[/home/james/Projects/build/obj-b2g-dbg/dist/bin/libxul.so +0xc1b838]
    #50: XRE_InitChildProcess[/home/james/Projects/build/obj-b2g-dbg/dist/bin/libxul.so +0x254db21]
    #51: ???[/home/james/Projects/build/obj-b2g-dbg/dist/bin/plugin-container +0x5003]
    #52: __libc_start_main[/lib/x86_64-linux-gnu/libc.so.6 +0x21ec5]
    #53: ???[/home/james/Projects/build/obj-b2g-dbg/dist/bin/plugin-container +0x4c1c]
    #54: ??? (???:???)

<Hello> 0x28FC8740 1 Release 1
    #01: ???[/home/james/Projects/build/obj-b2g-dbg/dist/bin/libxul.so +0x1591f39]
    #02: ???[/home/james/Projects/build/obj-b2g-dbg/dist/bin/libxul.so +0x2e622a6]
    #03: ???[/home/james/Projects/build/obj-b2g-dbg/dist/bin/libxul.so +0x2e6e8c7]
    #04: ???[/home/james/Projects/build/obj-b2g-dbg/dist/bin/libxul.so +0x2eb4f28]
    #05: ???[/home/james/Projects/build/obj-b2g-dbg/dist/bin/libxul.so +0x2e9ece4]
    #06: ???[/home/james/Projects/build/obj-b2g-dbg/dist/bin/libxul.so +0x2eaaf37]
    #07: ???[/home/james/Projects/build/obj-b2g-dbg/dist/bin/libxul.so +0x2eab284]
    #08: ???[/home/james/Projects/build/obj-b2g-dbg/dist/bin/libxul.so +0x2eac19b]
    #09: ???[/home/james/Projects/build/obj-b2g-dbg/dist/bin/libxul.so +0x2d3e186]
    #10: ???[/home/james/Projects/build/obj-b2g-dbg/dist/bin/libxul.so +0x14cb190]
    #11: ???[/home/james/Projects/build/obj-b2g-dbg/dist/bin/libxul.so +0x193557b]
    #12: ???[/home/james/Projects/build/obj-b2g-dbg/dist/bin/libxul.so +0x1939169]
    #13: ???[/home/james/Projects/build/obj-b2g-dbg/dist/bin/libxul.so +0x193960f]
    #14: ???[/home/james/Projects/build/obj-b2g-dbg/dist/bin/libxul.so +0x19397e7]
    #15: ???[/home/james/Projects/build/obj-b2g-dbg/dist/bin/libxul.so +0x1939a48]
    #16: ???[/home/james/Projects/build/obj-b2g-dbg/dist/bin/libxul.so +0x193a3fe]
    #17: ???[/home/james/Projects/build/obj-b2g-dbg/dist/bin/libxul.so +0x2091e6b]
    #18: ???[/home/james/Projects/build/obj-b2g-dbg/dist/bin/libxul.so +0x2093fb8]
    #19: ???[/home/james/Projects/build/obj-b2g-dbg/dist/bin/libxul.so +0x191a7ba]
    #20: ???[/home/james/Projects/build/obj-b2g-dbg/dist/bin/libxul.so +0x191ffe5]
    #21: ???[/home/james/Projects/build/obj-b2g-dbg/dist/bin/libxul.so +0x2091f88]
    #22: ???[/home/james/Projects/build/obj-b2g-dbg/dist/bin/libxul.so +0x2092073]
    #23: ???[/home/james/Projects/build/obj-b2g-dbg/dist/bin/libxul.so +0x2093d1e]
    #24: ???[/home/james/Projects/build/obj-b2g-dbg/dist/bin/libxul.so +0x1e255a0]
    #25: ???[/home/james/Projects/build/obj-b2g-dbg/dist/bin/libxul.so +0x1e2329a]
    #26: ???[/home/james/Projects/build/obj-b2g-dbg/dist/bin/libxul.so +0x1e332ce]
    #27: ???[/home/james/Projects/build/obj-b2g-dbg/dist/bin/libxul.so +0x1cabbbf]
    #28: ???[/home/james/Projects/build/obj-b2g-dbg/dist/bin/libxul.so +0x1cb5f64]
    #29: ???[/home/james/Projects/build/obj-b2g-dbg/dist/bin/libxul.so +0xca1c94]
    #30: ???[/home/james/Projects/build/obj-b2g-dbg/dist/bin/libxul.so +0xc2bd8f]
    #31: ???[/home/james/Projects/build/obj-b2g-dbg/dist/bin/libxul.so +0xc36552]
    #32: ???[/home/james/Projects/build/obj-b2g-dbg/dist/bin/libxul.so +0xc39693]
    #33: ???[/home/james/Projects/build/obj-b2g-dbg/dist/bin/libxul.so +0xc1a18e]
    #34: ???[/home/james/Projects/build/obj-b2g-dbg/dist/bin/libxul.so +0xc1ffd0]
    #35: ???[/home/james/Projects/build/obj-b2g-dbg/dist/bin/libxul.so +0xc200f3]
    #36: ???[/home/james/Projects/build/obj-b2g-dbg/dist/bin/libxul.so +0xc29a65]
    #37: ???[/home/james/Projects/build/obj-b2g-dbg/dist/bin/libxul.so +0x9b7285]
    #38: ???[/home/james/Projects/build/obj-b2g-dbg/dist/bin/libxul.so +0x9d39e1]
    #39: ???[/home/james/Projects/build/obj-b2g-dbg/dist/bin/libxul.so +0xc2fda1]
    #40: ???[/home/james/Projects/build/obj-b2g-dbg/dist/bin/libxul.so +0xc1b811]
    #41: ???[/home/james/Projects/build/obj-b2g-dbg/dist/bin/libxul.so +0xc1b838]
    #42: ???[/home/james/Projects/build/obj-b2g-dbg/dist/bin/libxul.so +0x1e2c38b]
    #43: XRE_RunAppShell[/home/james/Projects/build/obj-b2g-dbg/dist/bin/libxul.so +0x254cf5f]
    #44: ???[/home/james/Projects/build/obj-b2g-dbg/dist/bin/libxul.so +0xc2fea0]
    #45: ???[/home/james/Projects/build/obj-b2g-dbg/dist/bin/libxul.so +0xc1b811]
    #46: ???[/home/james/Projects/build/obj-b2g-dbg/dist/bin/libxul.so +0xc1b838]
    #47: XRE_InitChildProcess[/home/james/Projects/build/obj-b2g-dbg/dist/bin/libxul.so +0x254db21]
    #48: ???[/home/james/Projects/build/obj-b2g-dbg/dist/bin/plugin-container +0x5003]
    #49: __libc_start_main[/lib/x86_64-linux-gnu/libc.so.6 +0x21ec5]
    #50: ???[/home/james/Projects/build/obj-b2g-dbg/dist/bin/plugin-container +0x4c1c]
    #51: ??? (???:???)

<Hello> 0x28FC8740 1 AddRef 2
    #01: ???[/home/james/Projects/build/obj-b2g-dbg/dist/bin/libxul.so +0x197da75]
    #02: ???[/home/james/Projects/build/obj-b2g-dbg/dist/bin/libxul.so +0x9cc308]
    #03: ???[/home/james/Projects/build/obj-b2g-dbg/dist/bin/libxul.so +0xe93d30]
    #04: ???[/home/james/Projects/build/obj-b2g-dbg/dist/bin/libxul.so +0xe6c83c]
    #05: ???[/home/james/Projects/build/obj-b2g-dbg/dist/bin/libxul.so +0xe6e220]
    #06: ???[/home/james/Projects/build/obj-b2g-dbg/dist/bin/libxul.so +0xe8eb4e]
    #07: ???[/home/james/Projects/build/obj-b2g-dbg/dist/bin/libxul.so +0x2e741fa]
    #08: ???[/home/james/Projects/build/obj-b2g-dbg/dist/bin/libxul.so +0x2ea0785]
    #09: ???[/home/james/Projects/build/obj-b2g-dbg/dist/bin/libxul.so +0x2eaaf37]
    #10: ???[/home/james/Projects/build/obj-b2g-dbg/dist/bin/libxul.so +0x2eab284]
    #11: ???[/home/james/Projects/build/obj-b2g-dbg/dist/bin/libxul.so +0x2eac19b]
    #12: ???[/home/james/Projects/build/obj-b2g-dbg/dist/bin/libxul.so +0x2b6f4a4]
    #13: ??? (???:???)

<Hello> 0x28FC8740 1 Release 1
    #01: ???[/home/james/Projects/build/obj-b2g-dbg/dist/bin/libxul.so +0xe93d3c]
    #02: ???[/home/james/Projects/build/obj-b2g-dbg/dist/bin/libxul.so +0xe6c83c]
    #03: ???[/home/james/Projects/build/obj-b2g-dbg/dist/bin/libxul.so +0xe6e220]
    #04: ???[/home/james/Projects/build/obj-b2g-dbg/dist/bin/libxul.so +0xe8eb4e]
    #05: ???[/home/james/Projects/build/obj-b2g-dbg/dist/bin/libxul.so +0x2e741fa]
    #06: ???[/home/james/Projects/build/obj-b2g-dbg/dist/bin/libxul.so +0x2ea0785]
    #07: ???[/home/james/Projects/build/obj-b2g-dbg/dist/bin/libxul.so +0x2eaaf37]
    #08: ???[/home/james/Projects/build/obj-b2g-dbg/dist/bin/libxul.so +0x2eab284]
    #09: ???[/home/james/Projects/build/obj-b2g-dbg/dist/bin/libxul.so +0x2eac19b]
    #10: ???[/home/james/Projects/build/obj-b2g-dbg/dist/bin/libxul.so +0x2b6f4a4]
    #11: ??? (???:???)

<Hello> 0x28FC8740 1 AddRef 2
    #01: ???[/home/james/Projects/build/obj-b2g-dbg/dist/bin/libxul.so +0x197da75]
    #02: ???[/home/james/Projects/build/obj-b2g-dbg/dist/bin/libxul.so +0x9cc308]
    #03: ???[/home/james/Projects/build/obj-b2g-dbg/dist/bin/libxul.so +0xe93d30]
    #04: ???[/home/james/Projects/build/obj-b2g-dbg/dist/bin/libxul.so +0xe6c83c]
    #05: ???[/home/james/Projects/build/obj-b2g-dbg/dist/bin/libxul.so +0xe6e220]
    #06: ???[/home/james/Projects/build/obj-b2g-dbg/dist/bin/libxul.so +0xe8eb4e]
    #07: ???[/home/james/Projects/build/obj-b2g-dbg/dist/bin/libxul.so +0x2e741fa]
    #08: ???[/home/james/Projects/build/obj-b2g-dbg/dist/bin/libxul.so +0x2ea0785]
    #09: ???[/home/james/Projects/build/obj-b2g-dbg/dist/bin/libxul.so +0x2eaaf37]
    #10: ???[/home/james/Projects/build/obj-b2g-dbg/dist/bin/libxul.so +0x2eab284]
    #11: ???[/home/james/Projects/build/obj-b2g-dbg/dist/bin/libxul.so +0x2eac19b]
    #12: ???[/home/james/Projects/build/obj-b2g-dbg/dist/bin/libxul.so +0x2b6f4a4]
    #13: ??? (???:???)

<Hello> 0x28FC8740 1 Release 1
    #01: ???[/home/james/Projects/build/obj-b2g-dbg/dist/bin/libxul.so +0xe93d3c]
    #02: ???[/home/james/Projects/build/obj-b2g-dbg/dist/bin/libxul.so +0xe6c83c]
    #03: ???[/home/james/Projects/build/obj-b2g-dbg/dist/bin/libxul.so +0xe6e220]
    #04: ???[/home/james/Projects/build/obj-b2g-dbg/dist/bin/libxul.so +0xe8eb4e]
    #05: ???[/home/james/Projects/build/obj-b2g-dbg/dist/bin/libxul.so +0x2e741fa]
    #06: ???[/home/james/Projects/build/obj-b2g-dbg/dist/bin/libxul.so +0x2ea0785]
    #07: ???[/home/james/Projects/build/obj-b2g-dbg/dist/bin/libxul.so +0x2eaaf37]
    #08: ???[/home/james/Projects/build/obj-b2g-dbg/dist/bin/libxul.so +0x2eab284]
    #09: ???[/home/james/Projects/build/obj-b2g-dbg/dist/bin/libxul.so +0x2eac19b]
    #10: ???[/home/james/Projects/build/obj-b2g-dbg/dist/bin/libxul.so +0x2b6f4a4]
    #11: ??? (???:???)

<Hello> 0x28FC8740 1 AddRef 2
    #01: ???[/home/james/Projects/build/obj-b2g-dbg/dist/bin/libxul.so +0x197da75]
    #02: ???[/home/james/Projects/build/obj-b2g-dbg/dist/bin/libxul.so +0x9cc308]
    #03: ???[/home/james/Projects/build/obj-b2g-dbg/dist/bin/libxul.so +0xe93d30]
    #04: ???[/home/james/Projects/build/obj-b2g-dbg/dist/bin/libxul.so +0xe6c83c]
    #05: ???[/home/james/Projects/build/obj-b2g-dbg/dist/bin/libxul.so +0xe6e220]
    #06: ???[/home/james/Projects/build/obj-b2g-dbg/dist/bin/libxul.so +0xe8eb4e]
    #07: ???[/home/james/Projects/build/obj-b2g-dbg/dist/bin/libxul.so +0x2e741fa]
    #08: ???[/home/james/Projects/build/obj-b2g-dbg/dist/bin/libxul.so +0x2ea0785]
    #09: ???[/home/james/Projects/build/obj-b2g-dbg/dist/bin/libxul.so +0x2eaaf37]
    #10: ???[/home/james/Projects/build/obj-b2g-dbg/dist/bin/libxul.so +0x2eab284]
    #11: ???[/home/james/Projects/build/obj-b2g-dbg/dist/bin/libxul.so +0x2eac19b]
    #12: ???[/home/james/Projects/build/obj-b2g-dbg/dist/bin/libxul.so +0x2b6f4a4]
    #13: ??? (???:???)

<Hello> 0x28FC8740 1 Release 1
    #01: ???[/home/james/Projects/build/obj-b2g-dbg/dist/bin/libxul.so +0xe93d3c]
    #02: ???[/home/james/Projects/build/obj-b2g-dbg/dist/bin/libxul.so +0xe6c83c]
    #03: ???[/home/james/Projects/build/obj-b2g-dbg/dist/bin/libxul.so +0xe6e220]
    #04: ???[/home/james/Projects/build/obj-b2g-dbg/dist/bin/libxul.so +0xe8eb4e]
    #05: ???[/home/james/Projects/build/obj-b2g-dbg/dist/bin/libxul.so +0x2e741fa]
    #06: ???[/home/james/Projects/build/obj-b2g-dbg/dist/bin/libxul.so +0x2ea0785]
    #07: ???[/home/james/Projects/build/obj-b2g-dbg/dist/bin/libxul.so +0x2eaaf37]
    #08: ???[/home/james/Projects/build/obj-b2g-dbg/dist/bin/libxul.so +0x2eab284]
    #09: ???[/home/james/Projects/build/obj-b2g-dbg/dist/bin/libxul.so +0x2eac19b]
    #10: ???[/home/james/Projects/build/obj-b2g-dbg/dist/bin/libxul.so +0x2b6f4a4]
    #11: ??? (???:???)

<Hello> 0x28FC8740 1 AddRef 2
    #01: ???[/home/james/Projects/build/obj-b2g-dbg/dist/bin/libxul.so +0x197da75]
    #02: ???[/home/james/Projects/build/obj-b2g-dbg/dist/bin/libxul.so +0x9cc308]
    #03: ???[/home/james/Projects/build/obj-b2g-dbg/dist/bin/libxul.so +0xe93d30]
    #04: ???[/home/james/Projects/build/obj-b2g-dbg/dist/bin/libxul.so +0xe6c83c]
    #05: ???[/home/james/Projects/build/obj-b2g-dbg/dist/bin/libxul.so +0xe6e220]
    #06: ???[/home/james/Projects/build/obj-b2g-dbg/dist/bin/libxul.so +0xe8eb4e]
    #07: ???[/home/james/Projects/build/obj-b2g-dbg/dist/bin/libxul.so +0x2e741fa]
    #08: ???[/home/james/Projects/build/obj-b2g-dbg/dist/bin/libxul.so +0x2ea0785]
    #09: ???[/home/james/Projects/build/obj-b2g-dbg/dist/bin/libxul.so +0x2eaaf37]
    #10: ???[/home/james/Projects/build/obj-b2g-dbg/dist/bin/libxul.so +0x2eab284]
    #11: ???[/home/james/Projects/build/obj-b2g-dbg/dist/bin/libxul.so +0x2eac19b]
    #12: ???[/home/james/Projects/build/obj-b2g-dbg/dist/bin/libxul.so +0x2b6f4a4]
    #13: ??? (???:???)

<Hello> 0x28FC8740 1 Release 1
    #01: ???[/home/james/Projects/build/obj-b2g-dbg/dist/bin/libxul.so +0xe93d3c]
    #02: ???[/home/james/Projects/build/obj-b2g-dbg/dist/bin/libxul.so +0xe6c83c]
    #03: ???[/home/james/Projects/build/obj-b2g-dbg/dist/bin/libxul.so +0xe6e220]
    #04: ???[/home/james/Projects/build/obj-b2g-dbg/dist/bin/libxul.so +0xe8eb4e]
    #05: ???[/home/james/Projects/build/obj-b2g-dbg/dist/bin/libxul.so +0x2e741fa]
    #06: ???[/home/james/Projects/build/obj-b2g-dbg/dist/bin/libxul.so +0x2ea0785]
    #07: ???[/home/james/Projects/build/obj-b2g-dbg/dist/bin/libxul.so +0x2eaaf37]
    #08: ???[/home/james/Projects/build/obj-b2g-dbg/dist/bin/libxul.so +0x2eab284]
    #09: ???[/home/james/Projects/build/obj-b2g-dbg/dist/bin/libxul.so +0x2eac19b]
    #10: ???[/home/james/Projects/build/obj-b2g-dbg/dist/bin/libxul.so +0x2b6f4a4]
    #11: ??? (???:???)

<Hello> 0x28FC8740 1 AddRef 2
    #01: ???[/home/james/Projects/build/obj-b2g-dbg/dist/bin/libxul.so +0x197da75]
    #02: ???[/home/james/Projects/build/obj-b2g-dbg/dist/bin/libxul.so +0x9cc308]
    #03: ???[/home/james/Projects/build/obj-b2g-dbg/dist/bin/libxul.so +0xe93d30]
    #04: ???[/home/james/Projects/build/obj-b2g-dbg/dist/bin/libxul.so +0xe6c83c]
    #05: ???[/home/james/Projects/build/obj-b2g-dbg/dist/bin/libxul.so +0xe6e220]
    #06: ???[/home/james/Projects/build/obj-b2g-dbg/dist/bin/libxul.so +0xe8eb4e]
    #07: ???[/home/james/Projects/build/obj-b2g-dbg/dist/bin/libxul.so +0x2e741fa]
    #08: ???[/home/james/Projects/build/obj-b2g-dbg/dist/bin/libxul.so +0x2ea0785]
    #09: ???[/home/james/Projects/build/obj-b2g-dbg/dist/bin/libxul.so +0x2eaaf37]
    #10: ???[/home/james/Projects/build/obj-b2g-dbg/dist/bin/libxul.so +0x2eab284]
    #11: ???[/home/james/Projects/build/obj-b2g-dbg/dist/bin/libxul.so +0x2eac19b]
    #12: ???[/home/james/Projects/build/obj-b2g-dbg/dist/bin/libxul.so +0x2b6f4a4]
    #13: ??? (???:???)

<Hello> 0x28FC8740 1 Release 1
    #01: ???[/home/james/Projects/build/obj-b2g-dbg/dist/bin/libxul.so +0xe93d3c]
    #02: ???[/home/james/Projects/build/obj-b2g-dbg/dist/bin/libxul.so +0xe6c83c]
    #03: ???[/home/james/Projects/build/obj-b2g-dbg/dist/bin/libxul.so +0xe6e220]
    #04: ???[/home/james/Projects/build/obj-b2g-dbg/dist/bin/libxul.so +0xe8eb4e]
    #05: ???[/home/james/Projects/build/obj-b2g-dbg/dist/bin/libxul.so +0x2e741fa]
    #06: ???[/home/james/Projects/build/obj-b2g-dbg/dist/bin/libxul.so +0x2ea0785]
    #07: ???[/home/james/Projects/build/obj-b2g-dbg/dist/bin/libxul.so +0x2eaaf37]
    #08: ???[/home/james/Projects/build/obj-b2g-dbg/dist/bin/libxul.so +0x2eab284]
    #09: ???[/home/james/Projects/build/obj-b2g-dbg/dist/bin/libxul.so +0x2eac19b]
    #10: ???[/home/james/Projects/build/obj-b2g-dbg/dist/bin/libxul.so +0x2b6f4a4]
    #11: ??? (???:???)

<Hello> 0x28FC8740 1 AddRef 2
    #01: ???[/home/james/Projects/build/obj-b2g-dbg/dist/bin/libxul.so +0x197da75]
    #02: ???[/home/james/Projects/build/obj-b2g-dbg/dist/bin/libxul.so +0x9cc308]
    #03: ???[/home/james/Projects/build/obj-b2g-dbg/dist/bin/libxul.so +0xe93d30]
    #04: ???[/home/james/Projects/build/obj-b2g-dbg/dist/bin/libxul.so +0xe6c83c]
    #05: ???[/home/james/Projects/build/obj-b2g-dbg/dist/bin/libxul.so +0xe6e220]
    #06: ???[/home/james/Projects/build/obj-b2g-dbg/dist/bin/libxul.so +0xe8eb4e]
    #07: ???[/home/james/Projects/build/obj-b2g-dbg/dist/bin/libxul.so +0x2e741fa]
    #08: ???[/home/james/Projects/build/obj-b2g-dbg/dist/bin/libxul.so +0x2ea0785]
    #09: ???[/home/james/Projects/build/obj-b2g-dbg/dist/bin/libxul.so +0x2eaaf37]
    #10: ???[/home/james/Projects/build/obj-b2g-dbg/dist/bin/libxul.so +0x2eab284]
    #11: ???[/home/james/Projects/build/obj-b2g-dbg/dist/bin/libxul.so +0x2eac19b]
    #12: ???[/home/james/Projects/build/obj-b2g-dbg/dist/bin/libxul.so +0x2b6f4a4]
    #13: ??? (???:???)

<Hello> 0x28FC8740 1 Release 1
    #01: ???[/home/james/Projects/build/obj-b2g-dbg/dist/bin/libxul.so +0xe93d3c]
    #02: ???[/home/james/Projects/build/obj-b2g-dbg/dist/bin/libxul.so +0xe6c83c]
    #03: ???[/home/james/Projects/build/obj-b2g-dbg/dist/bin/libxul.so +0xe6e220]
    #04: ???[/home/james/Projects/build/obj-b2g-dbg/dist/bin/libxul.so +0xe8eb4e]
    #05: ???[/home/james/Projects/build/obj-b2g-dbg/dist/bin/libxul.so +0x2e741fa]
    #06: ???[/home/james/Projects/build/obj-b2g-dbg/dist/bin/libxul.so +0x2ea0785]
    #07: ???[/home/james/Projects/build/obj-b2g-dbg/dist/bin/libxul.so +0x2eaaf37]
    #08: ???[/home/james/Projects/build/obj-b2g-dbg/dist/bin/libxul.so +0x2eab284]
    #09: ???[/home/james/Projects/build/obj-b2g-dbg/dist/bin/libxul.so +0x2eac19b]
    #10: ???[/home/james/Projects/build/obj-b2g-dbg/dist/bin/libxul.so +0x2b6f4a4]
    #11: ??? (???:???)

<Hello> 0x28FC8740 1 AddRef 2
    #01: ???[/home/james/Projects/build/obj-b2g-dbg/dist/bin/libxul.so +0x197da75]
    #02: ???[/home/james/Projects/build/obj-b2g-dbg/dist/bin/libxul.so +0x9cc308]
    #03: ???[/home/james/Projects/build/obj-b2g-dbg/dist/bin/libxul.so +0xe93d30]
    #04: ???[/home/james/Projects/build/obj-b2g-dbg/dist/bin/libxul.so +0xe6c83c]
    #05: ???[/home/james/Projects/build/obj-b2g-dbg/dist/bin/libxul.so +0xe6e220]
    #06: ???[/home/james/Projects/build/obj-b2g-dbg/dist/bin/libxul.so +0xe8eb4e]
    #07: ???[/home/james/Projects/build/obj-b2g-dbg/dist/bin/libxul.so +0x2e741fa]
    #08: ???[/home/james/Projects/build/obj-b2g-dbg/dist/bin/libxul.so +0x2ea0785]
    #09: ???[/home/james/Projects/build/obj-b2g-dbg/dist/bin/libxul.so +0x2eaaf37]
    #10: ???[/home/james/Projects/build/obj-b2g-dbg/dist/bin/libxul.so +0x2eab284]
    #11: ???[/home/james/Projects/build/obj-b2g-dbg/dist/bin/libxul.so +0x2eac19b]
    #12: ???[/home/james/Projects/build/obj-b2g-dbg/dist/bin/libxul.so +0x2b6f4a4]
    #13: ??? (???:???)

<Hello> 0x28FC8740 1 Release 1
    #01: ???[/home/james/Projects/build/obj-b2g-dbg/dist/bin/libxul.so +0xe93d3c]
    #02: ???[/home/james/Projects/build/obj-b2g-dbg/dist/bin/libxul.so +0xe6c83c]
    #03: ???[/home/james/Projects/build/obj-b2g-dbg/dist/bin/libxul.so +0xe6e220]
    #04: ???[/home/james/Projects/build/obj-b2g-dbg/dist/bin/libxul.so +0xe8eb4e]
    #05: ???[/home/james/Projects/build/obj-b2g-dbg/dist/bin/libxul.so +0x2e741fa]
    #06: ???[/home/james/Projects/build/obj-b2g-dbg/dist/bin/libxul.so +0x2ea0785]
    #07: ???[/home/james/Projects/build/obj-b2g-dbg/dist/bin/libxul.so +0x2eaaf37]
    #08: ???[/home/james/Projects/build/obj-b2g-dbg/dist/bin/libxul.so +0x2eab284]
    #09: ???[/home/james/Projects/build/obj-b2g-dbg/dist/bin/libxul.so +0x2eac19b]
    #10: ???[/home/james/Projects/build/obj-b2g-dbg/dist/bin/libxul.so +0x2b6f4a4]
    #11: ??? (???:???)

<Hello> 0x28FC8740 1 AddRef 2
    #01: ???[/home/james/Projects/build/obj-b2g-dbg/dist/bin/libxul.so +0x197da75]
    #02: ???[/home/james/Projects/build/obj-b2g-dbg/dist/bin/libxul.so +0x9cc308]
    #03: ???[/home/james/Projects/build/obj-b2g-dbg/dist/bin/libxul.so +0xe93d30]
    #04: ???[/home/james/Projects/build/obj-b2g-dbg/dist/bin/libxul.so +0xe6c83c]
    #05: ???[/home/james/Projects/build/obj-b2g-dbg/dist/bin/libxul.so +0xe6e220]
    #06: ???[/home/james/Projects/build/obj-b2g-dbg/dist/bin/libxul.so +0xe8eb4e]
    #07: ???[/home/james/Projects/build/obj-b2g-dbg/dist/bin/libxul.so +0x2e741fa]
    #08: ???[/home/james/Projects/build/obj-b2g-dbg/dist/bin/libxul.so +0x2ea0785]
    #09: ???[/home/james/Projects/build/obj-b2g-dbg/dist/bin/libxul.so +0x2eaaf37]
    #10: ???[/home/james/Projects/build/obj-b2g-dbg/dist/bin/libxul.so +0x2eab284]
    #11: ???[/home/james/Projects/build/obj-b2g-dbg/dist/bin/libxul.so +0x2eac19b]
    #12: ???[/home/james/Projects/build/obj-b2g-dbg/dist/bin/libxul.so +0x2b6f4a4]
    #13: ??? (???:???)

<Hello> 0x28FC8740 1 Release 1
    #01: ???[/home/james/Projects/build/obj-b2g-dbg/dist/bin/libxul.so +0xe93d3c]
    #02: ???[/home/james/Projects/build/obj-b2g-dbg/dist/bin/libxul.so +0xe6c83c]
    #03: ???[/home/james/Projects/build/obj-b2g-dbg/dist/bin/libxul.so +0xe6e220]
    #04: ???[/home/james/Projects/build/obj-b2g-dbg/dist/bin/libxul.so +0xe8eb4e]
    #05: ???[/home/james/Projects/build/obj-b2g-dbg/dist/bin/libxul.so +0x2e741fa]
    #06: ???[/home/james/Projects/build/obj-b2g-dbg/dist/bin/libxul.so +0x2ea0785]
    #07: ???[/home/james/Projects/build/obj-b2g-dbg/dist/bin/libxul.so +0x2eaaf37]
    #08: ???[/home/james/Projects/build/obj-b2g-dbg/dist/bin/libxul.so +0x2eab284]
    #09: ???[/home/james/Projects/build/obj-b2g-dbg/dist/bin/libxul.so +0x2eac19b]
    #10: ???[/home/james/Projects/build/obj-b2g-dbg/dist/bin/libxul.so +0x2b6f4a4]
    #11: ??? (???:???)

<Hello> 0x28FC8740 1 AddRef 2
    #01: ???[/home/james/Projects/build/obj-b2g-dbg/dist/bin/libxul.so +0x197da75]
    #02: ???[/home/james/Projects/build/obj-b2g-dbg/dist/bin/libxul.so +0x9cc308]
    #03: ???[/home/james/Projects/build/obj-b2g-dbg/dist/bin/libxul.so +0xe93d30]
    #04: ???[/home/james/Projects/build/obj-b2g-dbg/dist/bin/libxul.so +0xe6c83c]
    #05: ???[/home/james/Projects/build/obj-b2g-dbg/dist/bin/libxul.so +0xe6e220]
    #06: ???[/home/james/Projects/build/obj-b2g-dbg/dist/bin/libxul.so +0xe8eb4e]
    #07: ???[/home/james/Projects/build/obj-b2g-dbg/dist/bin/libxul.so +0x2e741fa]
    #08: ???[/home/james/Projects/build/obj-b2g-dbg/dist/bin/libxul.so +0x2ea0785]
    #09: ???[/home/james/Projects/build/obj-b2g-dbg/dist/bin/libxul.so +0x2eaaf37]
    #10: ???[/home/james/Projects/build/obj-b2g-dbg/dist/bin/libxul.so +0x2eab284]
    #11: ???[/home/james/Projects/build/obj-b2g-dbg/dist/bin/libxul.so +0x2eac19b]
    #12: ???[/home/james/Projects/build/obj-b2g-dbg/dist/bin/libxul.so +0x2b6f4a4]
    #13: ??? (???:???)

<Hello> 0x28FC8740 1 Release 1
    #01: ???[/home/james/Projects/build/obj-b2g-dbg/dist/bin/libxul.so +0xe93d3c]
    #02: ???[/home/james/Projects/build/obj-b2g-dbg/dist/bin/libxul.so +0xe6c83c]
    #03: ???[/home/james/Projects/build/obj-b2g-dbg/dist/bin/libxul.so +0xe6e220]
    #04: ???[/home/james/Projects/build/obj-b2g-dbg/dist/bin/libxul.so +0xe8eb4e]
    #05: ???[/home/james/Projects/build/obj-b2g-dbg/dist/bin/libxul.so +0x2e741fa]
    #06: ???[/home/james/Projects/build/obj-b2g-dbg/dist/bin/libxul.so +0x2ea0785]
    #07: ???[/home/james/Projects/build/obj-b2g-dbg/dist/bin/libxul.so +0x2eaaf37]
    #08: ???[/home/james/Projects/build/obj-b2g-dbg/dist/bin/libxul.so +0x2eab284]
    #09: ???[/home/james/Projects/build/obj-b2g-dbg/dist/bin/libxul.so +0x2eac19b]
    #10: ???[/home/james/Projects/build/obj-b2g-dbg/dist/bin/libxul.so +0x2b6f4a4]
    #11: ??? (???:???)

<Hello> 0x28FC8740 1 AddRef 2
    #01: ???[/home/james/Projects/build/obj-b2g-dbg/dist/bin/libxul.so +0x197da75]
    #02: ???[/home/james/Projects/build/obj-b2g-dbg/dist/bin/libxul.so +0x9cc308]
    #03: ???[/home/james/Projects/build/obj-b2g-dbg/dist/bin/libxul.so +0xe93d30]
    #04: ???[/home/james/Projects/build/obj-b2g-dbg/dist/bin/libxul.so +0xe6c83c]
    #05: ???[/home/james/Projects/build/obj-b2g-dbg/dist/bin/libxul.so +0xe6e220]
    #06: ???[/home/james/Projects/build/obj-b2g-dbg/dist/bin/libxul.so +0xe8eb4e]
    #07: ???[/home/james/Projects/build/obj-b2g-dbg/dist/bin/libxul.so +0x2e741fa]
    #08: ???[/home/james/Projects/build/obj-b2g-dbg/dist/bin/libxul.so +0x2ea0785]
    #09: ???[/home/james/Projects/build/obj-b2g-dbg/dist/bin/libxul.so +0x2eaaf37]
    #10: ???[/home/james/Projects/build/obj-b2g-dbg/dist/bin/libxul.so +0x2eab284]
    #11: ???[/home/james/Projects/build/obj-b2g-dbg/dist/bin/libxul.so +0x2eac19b]
    #12: ???[/home/james/Projects/build/obj-b2g-dbg/dist/bin/libxul.so +0x2b6f4a4]
    #13: ??? (???:???)

<Hello> 0x28FC8740 1 Release 1
    #01: ???[/home/james/Projects/build/obj-b2g-dbg/dist/bin/libxul.so +0xe93d3c]
    #02: ???[/home/james/Projects/build/obj-b2g-dbg/dist/bin/libxul.so +0xe6c83c]
    #03: ???[/home/james/Projects/build/obj-b2g-dbg/dist/bin/libxul.so +0xe6e220]
    #04: ???[/home/james/Projects/build/obj-b2g-dbg/dist/bin/libxul.so +0xe8eb4e]
    #05: ???[/home/james/Projects/build/obj-b2g-dbg/dist/bin/libxul.so +0x2e741fa]
    #06: ???[/home/james/Projects/build/obj-b2g-dbg/dist/bin/libxul.so +0x2ea0785]
    #07: ???[/home/james/Projects/build/obj-b2g-dbg/dist/bin/libxul.so +0x2eaaf37]
    #08: ???[/home/james/Projects/build/obj-b2g-dbg/dist/bin/libxul.so +0x2eab284]
    #09: ???[/home/james/Projects/build/obj-b2g-dbg/dist/bin/libxul.so +0x2eac19b]
    #10: ???[/home/james/Projects/build/obj-b2g-dbg/dist/bin/libxul.so +0x2b6f4a4]
    #11: ??? (???:???)

<Hello> 0x28FC8740 1 AddRef 2
    #01: ???[/home/james/Projects/build/obj-b2g-dbg/dist/bin/libxul.so +0x197da75]
    #02: ???[/home/james/Projects/build/obj-b2g-dbg/dist/bin/libxul.so +0x9cc308]
    #03: ???[/home/james/Projects/build/obj-b2g-dbg/dist/bin/libxul.so +0xe93d30]
    #04: ???[/home/james/Projects/build/obj-b2g-dbg/dist/bin/libxul.so +0xe6c83c]
    #05: ???[/home/james/Projects/build/obj-b2g-dbg/dist/bin/libxul.so +0xe6e220]
    #06: ???[/home/james/Projects/build/obj-b2g-dbg/dist/bin/libxul.so +0xe8eb4e]
    #07: ???[/home/james/Projects/build/obj-b2g-dbg/dist/bin/libxul.so +0x2e741fa]
    #08: ???[/home/james/Projects/build/obj-b2g-dbg/dist/bin/libxul.so +0x2ea0785]
    #09: ???[/home/james/Projects/build/obj-b2g-dbg/dist/bin/libxul.so +0x2eaaf37]
    #10: ???[/home/james/Projects/build/obj-b2g-dbg/dist/bin/libxul.so +0x2eab284]
    #11: ???[/home/james/Projects/build/obj-b2g-dbg/dist/bin/libxul.so +0x2eac19b]
    #12: ???[/home/james/Projects/build/obj-b2g-dbg/dist/bin/libxul.so +0x2b6f4a4]
    #13: ??? (???:???)

<Hello> 0x28FC8740 1 Release 1
    #01: ???[/home/james/Projects/build/obj-b2g-dbg/dist/bin/libxul.so +0xe93d3c]
    #02: ???[/home/james/Projects/build/obj-b2g-dbg/dist/bin/libxul.so +0xe6c83c]
    #03: ???[/home/james/Projects/build/obj-b2g-dbg/dist/bin/libxul.so +0xe6e220]
    #04: ???[/home/james/Projects/build/obj-b2g-dbg/dist/bin/libxul.so +0xe8eb4e]
    #05: ???[/home/james/Projects/build/obj-b2g-dbg/dist/bin/libxul.so +0x2e741fa]
    #06: ???[/home/james/Projects/build/obj-b2g-dbg/dist/bin/libxul.so +0x2ea0785]
    #07: ???[/home/james/Projects/build/obj-b2g-dbg/dist/bin/libxul.so +0x2eaaf37]
    #08: ???[/home/james/Projects/build/obj-b2g-dbg/dist/bin/libxul.so +0x2eab284]
    #09: ???[/home/james/Projects/build/obj-b2g-dbg/dist/bin/libxul.so +0x2eac19b]
    #10: ???[/home/james/Projects/build/obj-b2g-dbg/dist/bin/libxul.so +0x2b6f4a4]
    #11: ??? (???:???)

<Hello> 0x28FC8740 1 AddRef 2
    #01: ???[/home/james/Projects/build/obj-b2g-dbg/dist/bin/libxul.so +0x197da75]
    #02: ???[/home/james/Projects/build/obj-b2g-dbg/dist/bin/libxul.so +0x9cc308]
    #03: ???[/home/james/Projects/build/obj-b2g-dbg/dist/bin/libxul.so +0xe93d30]
    #04: ???[/home/james/Projects/build/obj-b2g-dbg/dist/bin/libxul.so +0xe6c83c]
    #05: ???[/home/james/Projects/build/obj-b2g-dbg/dist/bin/libxul.so +0xe6e220]
    #06: ???[/home/james/Projects/build/obj-b2g-dbg/dist/bin/libxul.so +0xe8eb4e]
    #07: ???[/home/james/Projects/build/obj-b2g-dbg/dist/bin/libxul.so +0x2e741fa]
    #08: ???[/home/james/Projects/build/obj-b2g-dbg/dist/bin/libxul.so +0x2ea0785]
    #09: ???[/home/james/Projects/build/obj-b2g-dbg/dist/bin/libxul.so +0x2eaaf37]
    #10: ???[/home/james/Projects/build/obj-b2g-dbg/dist/bin/libxul.so +0x2eab284]
    #11: ???[/home/james/Projects/build/obj-b2g-dbg/dist/bin/libxul.so +0x2eac19b]
    #12: ???[/home/james/Projects/build/obj-b2g-dbg/dist/bin/libxul.so +0x2b6f4a4]
    #13: ??? (???:???)

<Hello> 0x28FC8740 1 Release 1
    #01: ???[/home/james/Projects/build/obj-b2g-dbg/dist/bin/libxul.so +0xe93d3c]
    #02: ???[/home/james/Projects/build/obj-b2g-dbg/dist/bin/libxul.so +0xe6c83c]
    #03: ???[/home/james/Projects/build/obj-b2g-dbg/dist/bin/libxul.so +0xe6e220]
    #04: ???[/home/james/Projects/build/obj-b2g-dbg/dist/bin/libxul.so +0xe8eb4e]
    #05: ???[/home/james/Projects/build/obj-b2g-dbg/dist/bin/libxul.so +0x2e741fa]
    #06: ???[/home/james/Projects/build/obj-b2g-dbg/dist/bin/libxul.so +0x2ea0785]
    #07: ???[/home/james/Projects/build/obj-b2g-dbg/dist/bin/libxul.so +0x2eaaf37]
    #08: ???[/home/james/Projects/build/obj-b2g-dbg/dist/bin/libxul.so +0x2eab284]
    #09: ???[/home/james/Projects/build/obj-b2g-dbg/dist/bin/libxul.so +0x2eac19b]
    #10: ???[/home/james/Projects/build/obj-b2g-dbg/dist/bin/libxul.so +0x2b6f4a4]
    #11: ??? (???:???)

<Hello> 0x28FC8740 1 AddRef 2
    #01: ???[/home/james/Projects/build/obj-b2g-dbg/dist/bin/libxul.so +0x197da75]
    #02: ???[/home/james/Projects/build/obj-b2g-dbg/dist/bin/libxul.so +0x9cc308]
    #03: ???[/home/james/Projects/build/obj-b2g-dbg/dist/bin/libxul.so +0xe93d30]
    #04: ???[/home/james/Projects/build/obj-b2g-dbg/dist/bin/libxul.so +0xe6c83c]
    #05: ???[/home/james/Projects/build/obj-b2g-dbg/dist/bin/libxul.so +0xe6e220]
    #06: ???[/home/james/Projects/build/obj-b2g-dbg/dist/bin/libxul.so +0xe8eb4e]
    #07: ???[/home/james/Projects/build/obj-b2g-dbg/dist/bin/libxul.so +0x2e741fa]
    #08: ???[/home/james/Projects/build/obj-b2g-dbg/dist/bin/libxul.so +0x2ea0785]
    #09: ???[/home/james/Projects/build/obj-b2g-dbg/dist/bin/libxul.so +0x2eaaf37]
    #10: ???[/home/james/Projects/build/obj-b2g-dbg/dist/bin/libxul.so +0x2eab284]
    #11: ???[/home/james/Projects/build/obj-b2g-dbg/dist/bin/libxul.so +0x2eac19b]
    #12: ???[/home/james/Projects/build/obj-b2g-dbg/dist/bin/libxul.so +0x2b6f4a4]
    #13: ??? (???:???)

<Hello> 0x28FC8740 1 Release 1
    #01: ???[/home/james/Projects/build/obj-b2g-dbg/dist/bin/libxul.so +0xe93d3c]
    #02: ???[/home/james/Projects/build/obj-b2g-dbg/dist/bin/libxul.so +0xe6c83c]
    #03: ???[/home/james/Projects/build/obj-b2g-dbg/dist/bin/libxul.so +0xe6e220]
    #04: ???[/home/james/Projects/build/obj-b2g-dbg/dist/bin/libxul.so +0xe8eb4e]
    #05: ???[/home/james/Projects/build/obj-b2g-dbg/dist/bin/libxul.so +0x2e741fa]
    #06: ???[/home/james/Projects/build/obj-b2g-dbg/dist/bin/libxul.so +0x2ea0785]
    #07: ???[/home/james/Projects/build/obj-b2g-dbg/dist/bin/libxul.so +0x2eaaf37]
    #08: ???[/home/james/Projects/build/obj-b2g-dbg/dist/bin/libxul.so +0x2eab284]
    #09: ???[/home/james/Projects/build/obj-b2g-dbg/dist/bin/libxul.so +0x2eac19b]
    #10: ???[/home/james/Projects/build/obj-b2g-dbg/dist/bin/libxul.so +0x2b6f4a4]
    #11: ??? (???:???)

<Hello> 0x28FC8740 1 AddRef 2
    #01: ???[/home/james/Projects/build/obj-b2g-dbg/dist/bin/libxul.so +0x197da75]
    #02: ???[/home/james/Projects/build/obj-b2g-dbg/dist/bin/libxul.so +0x9cc308]
    #03: ???[/home/james/Projects/build/obj-b2g-dbg/dist/bin/libxul.so +0xe93d30]
    #04: ???[/home/james/Projects/build/obj-b2g-dbg/dist/bin/libxul.so +0xe6c83c]
    #05: ???[/home/james/Projects/build/obj-b2g-dbg/dist/bin/libxul.so +0xe6e220]
    #06: ???[/home/james/Projects/build/obj-b2g-dbg/dist/bin/libxul.so +0xe8eb4e]
    #07: ???[/home/james/Projects/build/obj-b2g-dbg/dist/bin/libxul.so +0x2e741fa]
    #08: ???[/home/james/Projects/build/obj-b2g-dbg/dist/bin/libxul.so +0x2ea0785]
    #09: ???[/home/james/Projects/build/obj-b2g-dbg/dist/bin/libxul.so +0x2eaaf37]
    #10: ???[/home/james/Projects/build/obj-b2g-dbg/dist/bin/libxul.so +0x2eab284]
    #11: ???[/home/james/Projects/build/obj-b2g-dbg/dist/bin/libxul.so +0x2eac19b]
    #12: ???[/home/james/Projects/build/obj-b2g-dbg/dist/bin/libxul.so +0x2b6f4a4]
    #13: ??? (???:???)

<Hello> 0x28FC8740 1 Release 1
    #01: ???[/home/james/Projects/build/obj-b2g-dbg/dist/bin/libxul.so +0xe93d3c]
    #02: ???[/home/james/Projects/build/obj-b2g-dbg/dist/bin/libxul.so +0xe6c83c]
    #03: ???[/home/james/Projects/build/obj-b2g-dbg/dist/bin/libxul.so +0xe6e220]
    #04: ???[/home/james/Projects/build/obj-b2g-dbg/dist/bin/libxul.so +0xe8eb4e]
    #05: ???[/home/james/Projects/build/obj-b2g-dbg/dist/bin/libxul.so +0x2e741fa]
    #06: ???[/home/james/Projects/build/obj-b2g-dbg/dist/bin/libxul.so +0x2ea0785]
    #07: ???[/home/james/Projects/build/obj-b2g-dbg/dist/bin/libxul.so +0x2eaaf37]
    #08: ???[/home/james/Projects/build/obj-b2g-dbg/dist/bin/libxul.so +0x2eab284]
    #09: ???[/home/james/Projects/build/obj-b2g-dbg/dist/bin/libxul.so +0x2eac19b]
    #10: ???[/home/james/Projects/build/obj-b2g-dbg/dist/bin/libxul.so +0x2b6f4a4]
    #11: ??? (???:???)

<Hello> 0x28FC8740 1 AddRef 2
    #01: ???[/home/james/Projects/build/obj-b2g-dbg/dist/bin/libxul.so +0x197da75]
    #02: ???[/home/james/Projects/build/obj-b2g-dbg/dist/bin/libxul.so +0x9cc308]
    #03: ???[/home/james/Projects/build/obj-b2g-dbg/dist/bin/libxul.so +0xe93d30]
    #04: ???[/home/james/Projects/build/obj-b2g-dbg/dist/bin/libxul.so +0xe6c83c]
    #05: ???[/home/james/Projects/build/obj-b2g-dbg/dist/bin/libxul.so +0xe6e220]
    #06: ???[/home/james/Projects/build/obj-b2g-dbg/dist/bin/libxul.so +0xe8eb4e]
    #07: ???[/home/james/Projects/build/obj-b2g-dbg/dist/bin/libxul.so +0x2e741fa]
    #08: ???[/home/james/Projects/build/obj-b2g-dbg/dist/bin/libxul.so +0x2ea0785]
    #09: ???[/home/james/Projects/build/obj-b2g-dbg/dist/bin/libxul.so +0x2eaaf37]
    #10: ???[/home/james/Projects/build/obj-b2g-dbg/dist/bin/libxul.so +0x2eab284]
    #11: ???[/home/james/Projects/build/obj-b2g-dbg/dist/bin/libxul.so +0x2eac19b]
    #12: ???[/home/james/Projects/build/obj-b2g-dbg/dist/bin/libxul.so +0x2b6f4a4]
    #13: ??? (???:???)

<Hello> 0x28FC8740 1 Release 1
    #01: ???[/home/james/Projects/build/obj-b2g-dbg/dist/bin/libxul.so +0xe93d3c]
    #02: ???[/home/james/Projects/build/obj-b2g-dbg/dist/bin/libxul.so +0xe6c83c]
    #03: ???[/home/james/Projects/build/obj-b2g-dbg/dist/bin/libxul.so +0xe6e220]
    #04: ???[/home/james/Projects/build/obj-b2g-dbg/dist/bin/libxul.so +0xe8eb4e]
    #05: ???[/home/james/Projects/build/obj-b2g-dbg/dist/bin/libxul.so +0x2e741fa]
    #06: ???[/home/james/Projects/build/obj-b2g-dbg/dist/bin/libxul.so +0x2ea0785]
    #07: ???[/home/james/Projects/build/obj-b2g-dbg/dist/bin/libxul.so +0x2eaaf37]
    #08: ???[/home/james/Projects/build/obj-b2g-dbg/dist/bin/libxul.so +0x2eab284]
    #09: ???[/home/james/Projects/build/obj-b2g-dbg/dist/bin/libxul.so +0x2eac19b]
    #10: ???[/home/james/Projects/build/obj-b2g-dbg/dist/bin/libxul.so +0x2b6f4a4]
    #11: ??? (???:???)

<Hello> 0x28FC8740 1 AddRef 2
    #01: ???[/home/james/Projects/build/obj-b2g-dbg/dist/bin/libxul.so +0x197da75]
    #02: ???[/home/james/Projects/build/obj-b2g-dbg/dist/bin/libxul.so +0x9cc308]
    #03: ???[/home/james/Projects/build/obj-b2g-dbg/dist/bin/libxul.so +0xe93d30]
    #04: ???[/home/james/Projects/build/obj-b2g-dbg/dist/bin/libxul.so +0xe6c83c]
    #05: ???[/home/james/Projects/build/obj-b2g-dbg/dist/bin/libxul.so +0xe6e220]
    #06: ???[/home/james/Projects/build/obj-b2g-dbg/dist/bin/libxul.so +0xe8eb4e]
    #07: ???[/home/james/Projects/build/obj-b2g-dbg/dist/bin/libxul.so +0x2e741fa]
    #08: ???[/home/james/Projects/build/obj-b2g-dbg/dist/bin/libxul.so +0x2ea0785]
    #09: ???[/home/james/Projects/build/obj-b2g-dbg/dist/bin/libxul.so +0x2eaaf37]
    #10: ???[/home/james/Projects/build/obj-b2g-dbg/dist/bin/libxul.so +0x2eab284]
    #11: ???[/home/james/Projects/build/obj-b2g-dbg/dist/bin/libxul.so +0x2eac19b]
    #12: ???[/home/james/Projects/build/obj-b2g-dbg/dist/bin/libxul.so +0x2b6f4a4]
    #13: ??? (???:???)

<Hello> 0x28FC8740 1 Release 1
    #01: ???[/home/james/Projects/build/obj-b2g-dbg/dist/bin/libxul.so +0xe93d3c]
    #02: ???[/home/james/Projects/build/obj-b2g-dbg/dist/bin/libxul.so +0xe6c83c]
    #03: ???[/home/james/Projects/build/obj-b2g-dbg/dist/bin/libxul.so +0xe6e220]
    #04: ???[/home/james/Projects/build/obj-b2g-dbg/dist/bin/libxul.so +0xe8eb4e]
    #05: ???[/home/james/Projects/build/obj-b2g-dbg/dist/bin/libxul.so +0x2e741fa]
    #06: ???[/home/james/Projects/build/obj-b2g-dbg/dist/bin/libxul.so +0x2ea0785]
    #07: ???[/home/james/Projects/build/obj-b2g-dbg/dist/bin/libxul.so +0x2eaaf37]
    #08: ???[/home/james/Projects/build/obj-b2g-dbg/dist/bin/libxul.so +0x2eab284]
    #09: ???[/home/james/Projects/build/obj-b2g-dbg/dist/bin/libxul.so +0x2eac19b]
    #10: ???[/home/james/Projects/build/obj-b2g-dbg/dist/bin/libxul.so +0x2b6f4a4]
    #11: ??? (???:???)

<Hello> 0x28FC8740 1 AddRef 2
    #01: ???[/home/james/Projects/build/obj-b2g-dbg/dist/bin/libxul.so +0x197da75]
    #02: ???[/home/james/Projects/build/obj-b2g-dbg/dist/bin/libxul.so +0x9cc308]
    #03: ???[/home/james/Projects/build/obj-b2g-dbg/dist/bin/libxul.so +0xe93d30]
    #04: ???[/home/james/Projects/build/obj-b2g-dbg/dist/bin/libxul.so +0xe6c83c]
    #05: ???[/home/james/Projects/build/obj-b2g-dbg/dist/bin/libxul.so +0xe6e220]
    #06: ???[/home/james/Projects/build/obj-b2g-dbg/dist/bin/libxul.so +0xe8eb4e]
    #07: ???[/home/james/Projects/build/obj-b2g-dbg/dist/bin/libxul.so +0x2e741fa]
    #08: ???[/home/james/Projects/build/obj-b2g-dbg/dist/bin/libxul.so +0x2ea0785]
    #09: ???[/home/james/Projects/build/obj-b2g-dbg/dist/bin/libxul.so +0x2eaaf37]
    #10: ???[/home/james/Projects/build/obj-b2g-dbg/dist/bin/libxul.so +0x2eab284]
    #11: ???[/home/james/Projects/build/obj-b2g-dbg/dist/bin/libxul.so +0x2eac19b]
    #12: ???[/home/james/Projects/build/obj-b2g-dbg/dist/bin/libxul.so +0x2b6f4a4]
    #13: ??? (???:???)

<Hello> 0x28FC8740 1 Release 1
    #01: ???[/home/james/Projects/build/obj-b2g-dbg/dist/bin/libxul.so +0xe93d3c]
    #02: ???[/home/james/Projects/build/obj-b2g-dbg/dist/bin/libxul.so +0xe6c83c]
    #03: ???[/home/james/Projects/build/obj-b2g-dbg/dist/bin/libxul.so +0xe6e220]
    #04: ???[/home/james/Projects/build/obj-b2g-dbg/dist/bin/libxul.so +0xe8eb4e]
    #05: ???[/home/james/Projects/build/obj-b2g-dbg/dist/bin/libxul.so +0x2e741fa]
    #06: ???[/home/james/Projects/build/obj-b2g-dbg/dist/bin/libxul.so +0x2ea0785]
    #07: ???[/home/james/Projects/build/obj-b2g-dbg/dist/bin/libxul.so +0x2eaaf37]
    #08: ???[/home/james/Projects/build/obj-b2g-dbg/dist/bin/libxul.so +0x2eab284]
    #09: ???[/home/james/Projects/build/obj-b2g-dbg/dist/bin/libxul.so +0x2eac19b]
    #10: ???[/home/james/Projects/build/obj-b2g-dbg/dist/bin/libxul.so +0x2b6f4a4]
    #11: ??? (???:???)

<Hello> 0x28FC8740 1 AddRef 2
    #01: ???[/home/james/Projects/build/obj-b2g-dbg/dist/bin/libxul.so +0x197da75]
    #02: ???[/home/james/Projects/build/obj-b2g-dbg/dist/bin/libxul.so +0x9cc308]
    #03: ???[/home/james/Projects/build/obj-b2g-dbg/dist/bin/libxul.so +0xe93d30]
    #04: ???[/home/james/Projects/build/obj-b2g-dbg/dist/bin/libxul.so +0xe6c83c]
    #05: ???[/home/james/Projects/build/obj-b2g-dbg/dist/bin/libxul.so +0xe6e220]
    #06: ???[/home/james/Projects/build/obj-b2g-dbg/dist/bin/libxul.so +0xe8eb4e]
    #07: ???[/home/james/Projects/build/obj-b2g-dbg/dist/bin/libxul.so +0x2e741fa]
    #08: ???[/home/james/Projects/build/obj-b2g-dbg/dist/bin/libxul.so +0x2ea0785]
    #09: ???[/home/james/Projects/build/obj-b2g-dbg/dist/bin/libxul.so +0x2eaaf37]
    #10: ???[/home/james/Projects/build/obj-b2g-dbg/dist/bin/libxul.so +0x2eab284]
    #11: ???[/home/james/Projects/build/obj-b2g-dbg/dist/bin/libxul.so +0x2eac19b]
    #12: ???[/home/james/Projects/build/obj-b2g-dbg/dist/bin/libxul.so +0x2b6f4a4]
    #13: ??? (???:???)

<Hello> 0x28FC8740 1 Release 1
    #01: ???[/home/james/Projects/build/obj-b2g-dbg/dist/bin/libxul.so +0xe93d3c]
    #02: ???[/home/james/Projects/build/obj-b2g-dbg/dist/bin/libxul.so +0xe6c83c]
    #03: ???[/home/james/Projects/build/obj-b2g-dbg/dist/bin/libxul.so +0xe6e220]
    #04: ???[/home/james/Projects/build/obj-b2g-dbg/dist/bin/libxul.so +0xe8eb4e]
    #05: ???[/home/james/Projects/build/obj-b2g-dbg/dist/bin/libxul.so +0x2e741fa]
    #06: ???[/home/james/Projects/build/obj-b2g-dbg/dist/bin/libxul.so +0x2ea0785]
    #07: ???[/home/james/Projects/build/obj-b2g-dbg/dist/bin/libxul.so +0x2eaaf37]
    #08: ???[/home/james/Projects/build/obj-b2g-dbg/dist/bin/libxul.so +0x2eab284]
    #09: ???[/home/james/Projects/build/obj-b2g-dbg/dist/bin/libxul.so +0x2eac19b]
    #10: ???[/home/james/Projects/build/obj-b2g-dbg/dist/bin/libxul.so +0x2b6f4a4]
    #11: ??? (???:???)
